\BOOKMARK [1][-]{section.1}{\376\377\000I\000n\000t\000r\000o\000d\000u\000c\000t\000i\000o\000n\000\040\000a\000n\000d\000\040\000P\000r\000o\000b\000l\000e\000m\000\040\000F\000o\000r\000m\000u\000l\000a\000t\000i\000o\000n}{}% 1
\BOOKMARK [2][-]{subsection.1.1}{\376\377\000B\000a\000c\000k\000g\000r\000o\000u\000n\000d\000\040\000a\000n\000d\000\040\000M\000o\000t\000i\000v\000a\000t\000i\000o\000n}{section.1}% 2
\BOOKMARK [2][-]{subsection.1.2}{\376\377\000P\000r\000o\000b\000l\000e\000m\000\040\000F\000o\000r\000m\000u\000l\000a\000t\000i\000o\000n}{section.1}% 3
\BOOKMARK [3][-]{subsubsection.1.2.1}{\376\377\000M\000a\000r\000k\000o\000v\000\040\000D\000e\000c\000i\000s\000i\000o\000n\000\040\000P\000r\000o\000c\000e\000s\000s\000\040\000F\000r\000a\000m\000e\000w\000o\000r\000k}{subsection.1.2}% 4
\BOOKMARK [3][-]{subsubsection.1.2.2}{\376\377\000Q\000-\000F\000u\000n\000c\000t\000i\000o\000n\000\040\000a\000n\000d\000\040\000B\000e\000l\000l\000m\000a\000n\000\040\000E\000q\000u\000a\000t\000i\000o\000n}{subsection.1.2}% 5
\BOOKMARK [1][-]{section.2}{\376\377\000T\000h\000e\000o\000r\000e\000t\000i\000c\000a\000l\000\040\000F\000o\000u\000n\000d\000a\000t\000i\000o\000n\000s}{}% 6
\BOOKMARK [2][-]{subsection.2.1}{\376\377\000A\000p\000p\000r\000o\000x\000i\000m\000a\000t\000i\000o\000n\000\040\000T\000h\000e\000o\000r\000y\000\040\000f\000o\000r\000\040\000D\000e\000e\000p\000\040\000Q\000-\000N\000e\000t\000w\000o\000r\000k\000s}{section.2}% 7
\BOOKMARK [2][-]{subsection.2.2}{\376\377\000C\000o\000n\000v\000e\000r\000g\000e\000n\000c\000e\000\040\000A\000n\000a\000l\000y\000s\000i\000s}{section.2}% 8
\BOOKMARK [1][-]{section.3}{\376\377\000M\000u\000l\000t\000i\000-\000H\000e\000a\000d\000\040\000A\000t\000t\000e\000n\000t\000i\000o\000n\000\040\000M\000e\000c\000h\000a\000n\000i\000s\000m}{}% 9
\BOOKMARK [2][-]{subsection.3.1}{\376\377\000A\000t\000t\000e\000n\000t\000i\000o\000n\000\040\000M\000e\000c\000h\000a\000n\000i\000s\000m\000\040\000F\000o\000r\000m\000u\000l\000a\000t\000i\000o\000n}{section.3}% 10
\BOOKMARK [2][-]{subsection.3.2}{\376\377\000M\000u\000l\000t\000i\000-\000H\000e\000a\000d\000\040\000A\000r\000c\000h\000i\000t\000e\000c\000t\000u\000r\000e}{section.3}% 11
\BOOKMARK [2][-]{subsection.3.3}{\376\377\000T\000h\000e\000o\000r\000e\000t\000i\000c\000a\000l\000\040\000P\000r\000o\000p\000e\000r\000t\000i\000e\000s}{section.3}% 12
\BOOKMARK [2][-]{subsection.3.4}{\376\377\000F\000e\000a\000t\000u\000r\000e\000\040\000G\000r\000o\000u\000p\000\040\000P\000r\000o\000c\000e\000s\000s\000i\000n\000g}{section.3}% 13
\BOOKMARK [2][-]{subsection.3.5}{\376\377\000T\000r\000a\000n\000s\000f\000o\000r\000m\000e\000r\000\040\000L\000a\000y\000e\000r\000\040\000A\000r\000c\000h\000i\000t\000e\000c\000t\000u\000r\000e}{section.3}% 14
\BOOKMARK [2][-]{subsection.3.6}{\376\377\000G\000l\000o\000b\000a\000l\000\040\000A\000v\000e\000r\000a\000g\000e\000\040\000P\000o\000o\000l\000i\000n\000g}{section.3}% 15
\BOOKMARK [1][-]{section.4}{\376\377\000D\000e\000e\000p\000\040\000Q\000-\000N\000e\000t\000w\000o\000r\000k\000\040\000A\000r\000c\000h\000i\000t\000e\000c\000t\000u\000r\000e}{}% 16
\BOOKMARK [2][-]{subsection.4.1}{\376\377\000N\000e\000t\000w\000o\000r\000k\000\040\000A\000r\000c\000h\000i\000t\000e\000c\000t\000u\000r\000e}{section.4}% 17
\BOOKMARK [2][-]{subsection.4.2}{\376\377\000E\000x\000p\000e\000r\000i\000e\000n\000c\000e\000\040\000R\000e\000p\000l\000a\000y}{section.4}% 18
\BOOKMARK [2][-]{subsection.4.3}{\376\377\000T\000a\000r\000g\000e\000t\000\040\000N\000e\000t\000w\000o\000r\000k}{section.4}% 19
\BOOKMARK [2][-]{subsection.4.4}{\376\377\000L\000o\000s\000s\000\040\000F\000u\000n\000c\000t\000i\000o\000n}{section.4}% 20
\BOOKMARK [2][-]{subsection.4.5}{\376\377\000G\000r\000a\000d\000i\000e\000n\000t\000\040\000U\000p\000d\000a\000t\000e}{section.4}% 21
\BOOKMARK [1][-]{section.5}{\376\377\000A\000d\000v\000e\000r\000s\000a\000r\000i\000a\000l\000\040\000R\000o\000b\000u\000s\000t\000n\000e\000s\000s\000\040\000F\000r\000a\000m\000e\000w\000o\000r\000k}{}% 22
\BOOKMARK [2][-]{subsection.5.1}{\376\377\000T\000h\000r\000e\000a\000t\000\040\000M\000o\000d\000e\000l}{section.5}% 23
\BOOKMARK [2][-]{subsection.5.2}{\376\377\000A\000d\000v\000e\000r\000s\000a\000r\000i\000a\000l\000\040\000A\000t\000t\000a\000c\000k\000s}{section.5}% 24
\BOOKMARK [3][-]{subsubsection.5.2.1}{\376\377\000F\000a\000s\000t\000\040\000G\000r\000a\000d\000i\000e\000n\000t\000\040\000S\000i\000g\000n\000\040\000M\000e\000t\000h\000o\000d\000\040\000\050\000F\000G\000S\000M\000\051}{subsection.5.2}% 25
\BOOKMARK [3][-]{subsubsection.5.2.2}{\376\377\000P\000r\000o\000j\000e\000c\000t\000e\000d\000\040\000G\000r\000a\000d\000i\000e\000n\000t\000\040\000D\000e\000s\000c\000e\000n\000t\000\040\000\050\000P\000G\000D\000\051}{subsection.5.2}% 26
\BOOKMARK [3][-]{subsubsection.5.2.3}{\376\377\000C\000a\000r\000l\000i\000n\000i\000\040\000\046\000\040\000W\000a\000g\000n\000e\000r\000\040\000\050\000C\000\046\000W\000\051\000\040\000A\000t\000t\000a\000c\000k}{subsection.5.2}% 27
\BOOKMARK [3][-]{subsubsection.5.2.4}{\376\377\000D\000e\000e\000p\000F\000o\000o\000l\000\040\000A\000t\000t\000a\000c\000k}{subsection.5.2}% 28
\BOOKMARK [2][-]{subsection.5.3}{\376\377\000A\000d\000v\000e\000r\000s\000a\000r\000i\000a\000l\000\040\000T\000r\000a\000i\000n\000i\000n\000g}{section.5}% 29
\BOOKMARK [3][-]{subsubsection.5.3.1}{\376\377\000A\000d\000v\000e\000r\000s\000a\000r\000i\000a\000l\000\040\000T\000r\000a\000i\000n\000i\000n\000g\000\040\000O\000b\000j\000e\000c\000t\000i\000v\000e}{subsection.5.3}% 30
\BOOKMARK [3][-]{subsubsection.5.3.2}{\376\377\000R\000o\000b\000u\000s\000t\000n\000e\000s\000s\000\040\000G\000u\000a\000r\000a\000n\000t\000e\000e\000s}{subsection.5.3}% 31
\BOOKMARK [2][-]{subsection.5.4}{\376\377\000R\000o\000b\000u\000s\000t\000n\000e\000s\000s\000\040\000M\000e\000t\000r\000i\000c\000s}{section.5}% 32
\BOOKMARK [1][-]{section.6}{\376\377\000T\000r\000a\000i\000n\000i\000n\000g\000\040\000M\000e\000t\000h\000o\000d\000o\000l\000o\000g\000y}{}% 33
\BOOKMARK [2][-]{subsection.6.1}{\376\377\000F\000e\000a\000t\000u\000r\000e\000\040\000E\000n\000g\000i\000n\000e\000e\000r\000i\000n\000g}{section.6}% 34
\BOOKMARK [3][-]{subsubsection.6.1.1}{\376\377\000F\000e\000a\000t\000u\000r\000e\000\040\000G\000r\000o\000u\000p\000s}{subsection.6.1}% 35
\BOOKMARK [3][-]{subsubsection.6.1.2}{\376\377\000N\000o\000r\000m\000a\000l\000i\000z\000a\000t\000i\000o\000n}{subsection.6.1}% 36
\BOOKMARK [3][-]{subsubsection.6.1.3}{\376\377\000S\000e\000q\000u\000e\000n\000c\000e\000\040\000C\000o\000n\000s\000t\000r\000u\000c\000t\000i\000o\000n}{subsection.6.1}% 37
\BOOKMARK [2][-]{subsection.6.2}{\376\377\000T\000r\000a\000i\000n\000i\000n\000g\000\040\000A\000l\000g\000o\000r\000i\000t\000h\000m}{section.6}% 38
\BOOKMARK [2][-]{subsection.6.3}{\376\377\000H\000y\000p\000e\000r\000p\000a\000r\000a\000m\000e\000t\000e\000r\000s}{section.6}% 39
\BOOKMARK [1][-]{section.7}{\376\377\000E\000v\000a\000l\000u\000a\000t\000i\000o\000n\000\040\000M\000e\000t\000r\000i\000c\000s}{}% 40
\BOOKMARK [2][-]{subsection.7.1}{\376\377\000P\000e\000r\000f\000o\000r\000m\000a\000n\000c\000e\000\040\000M\000e\000t\000r\000i\000c\000s}{section.7}% 41
\BOOKMARK [3][-]{subsubsection.7.1.1}{\376\377\000S\000h\000a\000r\000p\000e\000\040\000R\000a\000t\000i\000o}{subsection.7.1}% 42
\BOOKMARK [3][-]{subsubsection.7.1.2}{\376\377\000S\000o\000r\000t\000i\000n\000o\000\040\000R\000a\000t\000i\000o}{subsection.7.1}% 43
\BOOKMARK [3][-]{subsubsection.7.1.3}{\376\377\000M\000a\000x\000i\000m\000u\000m\000\040\000D\000r\000a\000w\000d\000o\000w\000n}{subsection.7.1}% 44
\BOOKMARK [3][-]{subsubsection.7.1.4}{\376\377\000T\000o\000t\000a\000l\000\040\000R\000e\000t\000u\000r\000n}{subsection.7.1}% 45
\BOOKMARK [2][-]{subsection.7.2}{\376\377\000R\000o\000b\000u\000s\000t\000n\000e\000s\000s\000\040\000M\000e\000t\000r\000i\000c\000s}{section.7}% 46
\BOOKMARK [1][-]{section.8}{\376\377\000T\000h\000e\000o\000r\000e\000t\000i\000c\000a\000l\000\040\000G\000u\000a\000r\000a\000n\000t\000e\000e\000s\000\040\000a\000n\000d\000\040\000B\000o\000u\000n\000d\000s}{}% 47
\BOOKMARK [2][-]{subsection.8.1}{\376\377\000C\000o\000n\000v\000e\000r\000g\000e\000n\000c\000e\000\040\000G\000u\000a\000r\000a\000n\000t\000e\000e\000s}{section.8}% 48
\BOOKMARK [2][-]{subsection.8.2}{\376\377\000R\000o\000b\000u\000s\000t\000n\000e\000s\000s\000\040\000B\000o\000u\000n\000d\000s}{section.8}% 49
\BOOKMARK [2][-]{subsection.8.3}{\376\377\000G\000e\000n\000e\000r\000a\000l\000i\000z\000a\000t\000i\000o\000n\000\040\000B\000o\000u\000n\000d\000s}{section.8}% 50
\BOOKMARK [1][-]{section.9}{\376\377\000E\000x\000p\000e\000r\000i\000m\000e\000n\000t\000a\000l\000\040\000R\000e\000s\000u\000l\000t\000s\000\040\000a\000n\000d\000\040\000C\000a\000s\000e\000\040\000S\000t\000u\000d\000y\000:\000\040\000M\000E\000T\000A\000\040\000S\000t\000o\000c\000k\000\040\000A\000n\000a\000l\000y\000s\000i\000s}{}% 51
\BOOKMARK [2][-]{subsection.9.1}{\376\377\000O\000v\000e\000r\000v\000i\000e\000w}{section.9}% 52
\BOOKMARK [2][-]{subsection.9.2}{\376\377\000C\000a\000s\000e\000\040\000S\000t\000u\000d\000y\000:\000\040\000M\000E\000T\000A\000\040\000S\000t\000o\000c\000k\000\040\000A\000n\000a\000l\000y\000s\000i\000s}{section.9}% 53
\BOOKMARK [3][-]{subsubsection.9.2.1}{\376\377\000E\000x\000p\000e\000r\000i\000m\000e\000n\000t\000a\000l\000\040\000S\000e\000t\000u\000p}{subsection.9.2}% 54
\BOOKMARK [3][-]{subsubsection.9.2.2}{\376\377\000M\000o\000d\000e\000l\000\040\000P\000e\000r\000f\000o\000r\000m\000a\000n\000c\000e\000\040\000C\000o\000m\000p\000a\000r\000i\000s\000o\000n}{subsection.9.2}% 55
\BOOKMARK [3][-]{subsubsection.9.2.3}{\376\377\000K\000e\000y\000\040\000F\000i\000n\000d\000i\000n\000g\000s}{subsection.9.2}% 56
\BOOKMARK [3][-]{subsubsection.9.2.4}{\376\377\000A\000d\000v\000e\000r\000s\000a\000r\000i\000a\000l\000\040\000A\000t\000t\000a\000c\000k\000\040\000R\000e\000s\000i\000s\000t\000a\000n\000c\000e}{subsection.9.2}% 57
\BOOKMARK [3][-]{subsubsection.9.2.5}{\376\377\000P\000o\000r\000t\000f\000o\000l\000i\000o\000\040\000E\000v\000o\000l\000u\000t\000i\000o\000n}{subsection.9.2}% 58
\BOOKMARK [1][-]{section.10}{\376\377\000I\000n\000f\000r\000a\000s\000t\000r\000u\000c\000t\000u\000r\000e\000\040\000a\000n\000d\000\040\000D\000e\000p\000l\000o\000y\000m\000e\000n\000t\000\040\000A\000r\000c\000h\000i\000t\000e\000c\000t\000u\000r\000e}{}% 59
\BOOKMARK [2][-]{subsection.10.1}{\376\377\000O\000v\000e\000r\000v\000i\000e\000w}{section.10}% 60
\BOOKMARK [2][-]{subsection.10.2}{\376\377\000C\000l\000o\000u\000d\000\040\000D\000e\000p\000l\000o\000y\000m\000e\000n\000t\000\040\000A\000r\000c\000h\000i\000t\000e\000c\000t\000u\000r\000e}{section.10}% 61
\BOOKMARK [3][-]{subsubsection.10.2.1}{\376\377\000G\000o\000o\000g\000l\000e\000\040\000C\000l\000o\000u\000d\000\040\000P\000l\000a\000t\000f\000o\000r\000m\000\040\000\050\000G\000C\000P\000\051\000\040\000D\000e\000p\000l\000o\000y\000m\000e\000n\000t}{subsection.10.2}% 62
\BOOKMARK [3][-]{subsubsection.10.2.2}{\376\377\000S\000t\000r\000e\000a\000m\000l\000i\000t\000\040\000C\000l\000o\000u\000d\000\040\000D\000e\000p\000l\000o\000y\000m\000e\000n\000t}{subsection.10.2}% 63
\BOOKMARK [2][-]{subsection.10.3}{\376\377\000D\000a\000t\000a\000\040\000P\000i\000p\000e\000l\000i\000n\000e\000\040\000I\000n\000f\000r\000a\000s\000t\000r\000u\000c\000t\000u\000r\000e}{section.10}% 64
\BOOKMARK [3][-]{subsubsection.10.3.1}{\376\377\000D\000a\000t\000a\000\040\000S\000o\000u\000r\000c\000e\000s\000\040\000a\000n\000d\000\040\000A\000P\000I\000s}{subsection.10.3}% 65
\BOOKMARK [3][-]{subsubsection.10.3.2}{\376\377\000F\000e\000a\000t\000u\000r\000e\000\040\000E\000n\000g\000i\000n\000e\000e\000r\000i\000n\000g\000\040\000P\000i\000p\000e\000l\000i\000n\000e}{subsection.10.3}% 66
\BOOKMARK [2][-]{subsection.10.4}{\376\377\000M\000o\000d\000e\000l\000\040\000T\000r\000a\000i\000n\000i\000n\000g\000\040\000I\000n\000f\000r\000a\000s\000t\000r\000u\000c\000t\000u\000r\000e}{section.10}% 67
\BOOKMARK [3][-]{subsubsection.10.4.1}{\376\377\000T\000r\000a\000i\000n\000i\000n\000g\000\040\000C\000o\000n\000f\000i\000g\000u\000r\000a\000t\000i\000o\000n}{subsection.10.4}% 68
\BOOKMARK [3][-]{subsubsection.10.4.2}{\376\377\000R\000e\000s\000o\000u\000r\000c\000e\000\040\000R\000e\000q\000u\000i\000r\000e\000m\000e\000n\000t\000s}{subsection.10.4}% 69
\BOOKMARK [2][-]{subsection.10.5}{\376\377\000S\000c\000a\000l\000a\000b\000i\000l\000i\000t\000y\000\040\000a\000n\000d\000\040\000P\000e\000r\000f\000o\000r\000m\000a\000n\000c\000e}{section.10}% 70
\BOOKMARK [3][-]{subsubsection.10.5.1}{\376\377\000H\000o\000r\000i\000z\000o\000n\000t\000a\000l\000\040\000S\000c\000a\000l\000i\000n\000g}{subsection.10.5}% 71
\BOOKMARK [3][-]{subsubsection.10.5.2}{\376\377\000P\000e\000r\000f\000o\000r\000m\000a\000n\000c\000e\000\040\000O\000p\000t\000i\000m\000i\000z\000a\000t\000i\000o\000n}{subsection.10.5}% 72
\BOOKMARK [2][-]{subsection.10.6}{\376\377\000M\000o\000n\000i\000t\000o\000r\000i\000n\000g\000\040\000a\000n\000d\000\040\000O\000b\000s\000e\000r\000v\000a\000b\000i\000l\000i\000t\000y}{section.10}% 73
\BOOKMARK [3][-]{subsubsection.10.6.1}{\376\377\000L\000o\000g\000g\000i\000n\000g\000\040\000a\000n\000d\000\040\000M\000e\000t\000r\000i\000c\000s}{subsection.10.6}% 74
\BOOKMARK [3][-]{subsubsection.10.6.2}{\376\377\000A\000l\000e\000r\000t\000i\000n\000g\000\040\000a\000n\000d\000\040\000N\000o\000t\000i\000f\000i\000c\000a\000t\000i\000o\000n\000s}{subsection.10.6}% 75
\BOOKMARK [1][-]{section.11}{\376\377\000B\000e\000n\000e\000f\000i\000t\000s\000\040\000o\000f\000\040\000A\000d\000v\000e\000r\000s\000a\000r\000i\000a\000l\000-\000R\000o\000b\000u\000s\000t\000\040\000M\000H\000A\000-\000D\000Q\000N\000\040\000f\000o\000r\000\040\000A\000s\000s\000e\000t\000\040\000P\000r\000i\000c\000i\000n\000g}{}% 76
\BOOKMARK [2][-]{subsection.11.1}{\376\377\000O\000v\000e\000r\000v\000i\000e\000w}{section.11}% 77
\BOOKMARK [2][-]{subsection.11.2}{\376\377\000P\000e\000r\000f\000o\000r\000m\000a\000n\000c\000e\000\040\000A\000d\000v\000a\000n\000t\000a\000g\000e\000s}{section.11}% 78
\BOOKMARK [3][-]{subsubsection.11.2.1}{\376\377\000S\000u\000p\000e\000r\000i\000o\000r\000\040\000R\000i\000s\000k\000-\000A\000d\000j\000u\000s\000t\000e\000d\000\040\000R\000e\000t\000u\000r\000n\000s}{subsection.11.2}% 79
\BOOKMARK [3][-]{subsubsection.11.2.2}{\376\377\000C\000o\000n\000s\000i\000s\000t\000e\000n\000t\000\040\000P\000e\000r\000f\000o\000r\000m\000a\000n\000c\000e\000\040\000A\000c\000r\000o\000s\000s\000\040\000M\000a\000r\000k\000e\000t\000\040\000C\000o\000n\000d\000i\000t\000i\000o\000n\000s}{subsection.11.2}% 80
\BOOKMARK [2][-]{subsection.11.3}{\376\377\000A\000r\000c\000h\000i\000t\000e\000c\000t\000u\000r\000a\000l\000\040\000A\000d\000v\000a\000n\000t\000a\000g\000e\000s}{section.11}% 81
\BOOKMARK [3][-]{subsubsection.11.3.1}{\376\377\000M\000u\000l\000t\000i\000-\000H\000e\000a\000d\000\040\000A\000t\000t\000e\000n\000t\000i\000o\000n\000\040\000B\000e\000n\000e\000f\000i\000t\000s}{subsection.11.3}% 82
\BOOKMARK [3][-]{subsubsection.11.3.2}{\376\377\000D\000e\000e\000p\000\040\000Q\000-\000N\000e\000t\000w\000o\000r\000k\000\040\000A\000d\000v\000a\000n\000t\000a\000g\000e\000s}{subsection.11.3}% 83
\BOOKMARK [2][-]{subsection.11.4}{\376\377\000A\000d\000v\000e\000r\000s\000a\000r\000i\000a\000l\000\040\000R\000o\000b\000u\000s\000t\000n\000e\000s\000s\000\040\000B\000e\000n\000e\000f\000i\000t\000s}{section.11}% 84
\BOOKMARK [3][-]{subsubsection.11.4.1}{\376\377\000S\000e\000c\000u\000r\000i\000t\000y\000\040\000a\000n\000d\000\040\000R\000e\000l\000i\000a\000b\000i\000l\000i\000t\000y}{subsection.11.4}% 85
\BOOKMARK [3][-]{subsubsection.11.4.2}{\376\377\000P\000e\000r\000f\000o\000r\000m\000a\000n\000c\000e\000-\000R\000o\000b\000u\000s\000t\000n\000e\000s\000s\000\040\000T\000r\000a\000d\000e\000-\000o\000f\000f}{subsection.11.4}% 86
\BOOKMARK [2][-]{subsection.11.5}{\376\377\000T\000h\000e\000o\000r\000e\000t\000i\000c\000a\000l\000\040\000G\000u\000a\000r\000a\000n\000t\000e\000e\000s}{section.11}% 87
\BOOKMARK [3][-]{subsubsection.11.5.1}{\376\377\000C\000o\000n\000v\000e\000r\000g\000e\000n\000c\000e\000\040\000G\000u\000a\000r\000a\000n\000t\000e\000e\000s}{subsection.11.5}% 88
\BOOKMARK [3][-]{subsubsection.11.5.2}{\376\377\000R\000o\000b\000u\000s\000t\000n\000e\000s\000s\000\040\000B\000o\000u\000n\000d\000s}{subsection.11.5}% 89
\BOOKMARK [2][-]{subsection.11.6}{\376\377\000P\000r\000a\000c\000t\000i\000c\000a\000l\000\040\000A\000p\000p\000l\000i\000c\000a\000t\000i\000o\000n\000s}{section.11}% 90
\BOOKMARK [3][-]{subsubsection.11.6.1}{\376\377\000I\000n\000s\000t\000i\000t\000u\000t\000i\000o\000n\000a\000l\000\040\000T\000r\000a\000d\000i\000n\000g}{subsection.11.6}% 91
\BOOKMARK [3][-]{subsubsection.11.6.2}{\376\377\000R\000e\000t\000a\000i\000l\000\040\000T\000r\000a\000d\000i\000n\000g\000\040\000P\000l\000a\000t\000f\000o\000r\000m\000s}{subsection.11.6}% 92
\BOOKMARK [3][-]{subsubsection.11.6.3}{\376\377\000R\000e\000s\000e\000a\000r\000c\000h\000\040\000a\000n\000d\000\040\000D\000e\000v\000e\000l\000o\000p\000m\000e\000n\000t}{subsection.11.6}% 93
\BOOKMARK [2][-]{subsection.11.7}{\376\377\000C\000o\000m\000p\000a\000r\000i\000s\000o\000n\000\040\000t\000o\000\040\000A\000l\000t\000e\000r\000n\000a\000t\000i\000v\000e\000\040\000A\000p\000p\000r\000o\000a\000c\000h\000e\000s}{section.11}% 94
\BOOKMARK [3][-]{subsubsection.11.7.1}{\376\377\000v\000s\000.\000\040\000T\000r\000a\000d\000i\000t\000i\000o\000n\000a\000l\000\040\000S\000t\000a\000t\000i\000s\000t\000i\000c\000a\000l\000\040\000M\000e\000t\000h\000o\000d\000s}{subsection.11.7}% 95
\BOOKMARK [3][-]{subsubsection.11.7.2}{\376\377\000v\000s\000.\000\040\000S\000t\000a\000n\000d\000a\000r\000d\000\040\000D\000e\000e\000p\000\040\000L\000e\000a\000r\000n\000i\000n\000g}{subsection.11.7}% 96
\BOOKMARK [3][-]{subsubsection.11.7.3}{\376\377\000v\000s\000.\000\040\000O\000t\000h\000e\000r\000\040\000R\000L\000\040\000M\000e\000t\000h\000o\000d\000s}{subsection.11.7}% 97
\BOOKMARK [2][-]{subsection.11.8}{\376\377\000S\000u\000m\000m\000a\000r\000y\000\040\000o\000f\000\040\000K\000e\000y\000\040\000B\000e\000n\000e\000f\000i\000t\000s}{section.11}% 98
